ParyavaranKavalu/app/build/intermediates/manifest_merge_blame_file/debug/processDebugMainManifest/manifest-merger-blame-debug-report.txt
1<?xml version="1.0" encoding="utf-8"?>
2<manifest xmlns:android="http://schemas.android.com/apk/res/android"
3    package="com.paryavarankavalu"
4    android:versionCode="1"
5    android:versionName="1.0" >
6
7    <uses-sdk
8        android:minSdkVersion="26"
9        android:targetSdkVersion="35" />
10
11    <!-- Permissions -->
12    <uses-permission android:name="android.permission.ACCESS_FINE_LOCATION" />
12-->src\main\AndroidManifest.xml:5:5-79
12-->src\main\AndroidManifest.xml:5:22-76
13    <uses-permission android:name="android.permission.ACCESS_COARSE_LOCATION" />
13-->src\main\AndroidManifest.xml:6:5-81
13-->src\main\AndroidManifest.xml:6:22-78
14    <uses-permission android:name="android.permission.CAMERA" />
14-->src\main\AndroidManifest.xml:7:5-65
14-->src\main\AndroidManifest.xml:7:22-62
15    <uses-permission
15-->src\main\AndroidManifest.xml:8:5-106
16        android:name="android.permission.READ_EXTERNAL_STORAGE"
16-->src\main\AndroidManifest.xml:8:22-77
17        android:maxSdkVersion="32" />
17-->src\main\AndroidManifest.xml:8:78-104
18    <uses-permission android:name="android.permission.READ_MEDIA_IMAGES" />
18-->src\main\AndroidManifest.xml:9:5-76
18-->src\main\AndroidManifest.xml:9:22-73
19    <uses-permission
19-->src\main\AndroidManifest.xml:10:5-107
20        android:name="android.permission.WRITE_EXTERNAL_STORAGE"
20-->src\main\AndroidManifest.xml:10:22-78
21        android:maxSdkVersion="28" />
21-->src\main\AndroidManifest.xml:10:79-105
22    <uses-permission android:name="android.permission.INTERNET" />
22-->src\main\AndroidManifest.xml:11:5-67
22-->src\main\AndroidManifest.xml:11:22-64
23
24    <uses-feature
24-->src\main\AndroidManifest.xml:13:5-84
25        android:name="android.hardware.camera"
25-->src\main\AndroidManifest.xml:13:19-57
26        android:required="false" />
26-->src\main\AndroidManifest.xml:13:58-82
27
28    <!-- Include required permissions for Google Maps API to run. -->
29    <uses-permission android:name="android.permission.ACCESS_NETWORK_STATE" />
29-->[com.google.android.gms:play-services-maps:19.1.0] AndroidManifest.xml:20:5-78
29-->[com.google.android.gms:play-services-maps:19.1.0] AndroidManifest.xml:20:22-76
30
31    <uses-feature
31-->[com.google.android.gms:play-services-maps:19.1.0] AndroidManifest.xml:22:5-24:33
32        android:glEsVersion="0x00020000"
32-->[com.google.android.gms:play-services-maps:19.1.0] AndroidManifest.xml:23:8-40
33        android:required="true" />
33-->[com.google.android.gms:play-services-maps:19.1.0] AndroidManifest.xml:24:8-31
34
35    <queries>
35-->[com.google.android.gms:play-services-maps:19.1.0] AndroidManifest.xml:27:5-30:15
36
37        <!-- Needs to be explicitly declared on Android R+ -->
38        <package android:name="com.google.android.apps.maps" />
38-->[com.google.android.gms:play-services-maps:19.1.0] AndroidManifest.xml:29:7-61
38-->[com.google.android.gms:play-services-maps:19.1.0] AndroidManifest.xml:29:16-59
39    </queries>
40
41    <permission
41-->[androidx.core:core:1.15.0] AndroidManifest.xml:22:5-24:47
42        android:name="com.paryavarankavalu.DYNAMIC_RECEIVER_NOT_EXPORTED_PERMISSION"
42-->[androidx.core:core:1.15.0] AndroidManifest.xml:23:9-81
43        android:protectionLevel="signature" />
43-->[androidx.core:core:1.15.0] AndroidManifest.xml:24:9-44
44
45    <uses-permission android:name="com.paryavarankavalu.DYNAMIC_RECEIVER_NOT_EXPORTED_PERMISSION" />
45-->[androidx.core:core:1.15.0] AndroidManifest.xml:26:5-97
45-->[androidx.core:core:1.15.0] AndroidManifest.xml:26:22-94
46
47    <application
47-->src\main\AndroidManifest.xml:15:5-69:19
48        android:name="com.paryavarankavalu.ParyavaranApp"
48-->src\main\AndroidManifest.xml:16:9-38
49        android:allowBackup="true"
49-->src\main\AndroidManifest.xml:17:9-35
50        android:appComponentFactory="androidx.core.app.CoreComponentFactory"
50-->[androidx.core:core:1.15.0] AndroidManifest.xml:28:18-86
51        android:debuggable="true"
52        android:extractNativeLibs="false"
53        android:icon="@mipmap/ic_launcher"
53-->src\main\AndroidManifest.xml:18:9-43
54        android:label="@string/app_name"
54-->src\main\AndroidManifest.xml:19:9-41
55        android:roundIcon="@mipmap/ic_launcher_round"
55-->src\main\AndroidManifest.xml:20:9-54
56        android:supportsRtl="true"
56-->src\main\AndroidManifest.xml:21:9-35
57        android:testOnly="true"
58        android:theme="@style/Theme.ParyavaranKavalu"
58-->src\main\AndroidManifest.xml:22:9-54
59        android:usesCleartextTraffic="true" >
59-->src\main\AndroidManifest.xml:23:9-44
60
61        <!-- Google Maps API Key -->
62        <meta-data
63            android:name="com.google.android.geo.API_KEY"
63-->src\main\AndroidManifest.xml:27:13-58
64            android:value="AIzaSyCNd4CnfraKivj6ToOBeAsJOe0B4QOIry8" />
64-->src\main\AndroidManifest.xml:28:13-44
65
66        <!-- Splash Screen / Entry Activity -->
67        <activity
67-->src\main\AndroidManifest.xml:31:9-39:20
68            android:name="com.paryavarankavalu.ui.splash.SplashActivity"
68-->src\main\AndroidManifest.xml:32:13-53
69            android:exported="true"
69-->src\main\AndroidManifest.xml:33:13-36
70            android:theme="@style/Theme.ParyavaranKavalu.Splash" >
70-->src\main\AndroidManifest.xml:34:13-65
71            <intent-filter>
71-->src\main\AndroidManifest.xml:35:13-38:29
72                <action android:name="android.intent.action.MAIN" />
72-->src\main\AndroidManifest.xml:36:17-69
72-->src\main\AndroidManifest.xml:36:25-66
73
74                <category android:name="android.intent.category.LAUNCHER" />
74-->src\main\AndroidManifest.xml:37:17-77
74-->src\main\AndroidManifest.xml:37:27-74
75            </intent-filter>
76        </activity>
77        <activity
77-->src\main\AndroidManifest.xml:41:9-43:40
78            android:name="com.paryavarankavalu.ui.main.MainActivity"
78-->src\main\AndroidManifest.xml:42:13-49
79            android:exported="false" />
79-->src\main\AndroidManifest.xml:43:13-37
80        <activity
80-->src\main\AndroidManifest.xml:45:9-48:58
81            android:name="com.paryavarankavalu.ui.report.ReportActivity"
81-->src\main\AndroidManifest.xml:46:13-53
82            android:exported="false"
82-->src\main\AndroidManifest.xml:47:13-37
83            android:windowSoftInputMode="adjustResize" />
83-->src\main\AndroidManifest.xml:48:13-55
84        <activity
84-->src\main\AndroidManifest.xml:50:9-52:40
85            android:name="com.paryavarankavalu.ui.map.MapActivity"
85-->src\main\AndroidManifest.xml:51:13-47
86            android:exported="false" />
86-->src\main\AndroidManifest.xml:52:13-37
87        <activity
87-->src\main\AndroidManifest.xml:54:9-56:40
88            android:name="com.paryavarankavalu.ui.profile.ProfileActivity"
88-->src\main\AndroidManifest.xml:55:13-55
89            android:exported="false" />
89-->src\main\AndroidManifest.xml:56:13-37
90
91        <!-- FileProvider for Camera -->
92        <provider
93            android:name="androidx.core.content.FileProvider"
93-->src\main\AndroidManifest.xml:60:13-62
94            android:authorities="com.paryavarankavalu.fileprovider"
94-->src\main\AndroidManifest.xml:61:13-64
95            android:exported="false"
95-->src\main\AndroidManifest.xml:62:13-37
96            android:grantUriPermissions="true" >
96-->src\main\AndroidManifest.xml:63:13-47
97            <meta-data
97-->src\main\AndroidManifest.xml:64:13-66:54
98                android:name="android.support.FILE_PROVIDER_PATHS"
98-->src\main\AndroidManifest.xml:65:17-67
99                android:resource="@xml/file_paths" />
99-->src\main\AndroidManifest.xml:66:17-51
100        </provider>
101
102        <!-- Needs to be explicitly declared on P+ -->
103        <uses-library
103-->[com.google.android.gms:play-services-maps:19.1.0] AndroidManifest.xml:33:7-86
104            android:name="org.apache.http.legacy"
104-->[com.google.android.gms:play-services-maps:19.1.0] AndroidManifest.xml:33:21-58
105            android:required="false" />
105-->[com.google.android.gms:play-services-maps:19.1.0] AndroidManifest.xml:33:59-83
106
107        <activity
107-->[com.google.android.gms:play-services-base:18.5.0] AndroidManifest.xml:5:9-173
108            android:name="com.google.android.gms.common.api.GoogleApiActivity"
108-->[com.google.android.gms:play-services-base:18.5.0] AndroidManifest.xml:5:19-85
109            android:exported="false"
109-->[com.google.android.gms:play-services-base:18.5.0] AndroidManifest.xml:5:146-170
110            android:theme="@android:style/Theme.Translucent.NoTitleBar" />
110-->[com.google.android.gms:play-services-base:18.5.0] AndroidManifest.xml:5:86-145
111
112        <meta-data
112-->[com.google.android.gms:play-services-basement:18.4.0] AndroidManifest.xml:6:9-122
113            android:name="com.google.android.gms.version"
113-->[com.google.android.gms:play-services-basement:18.4.0] AndroidManifest.xml:6:20-65
114            android:value="@integer/google_play_services_version" />
114-->[com.google.android.gms:play-services-basement:18.4.0] AndroidManifest.xml:6:66-119
115
116        <provider
116-->[androidx.emoji2:emoji2:1.3.0] AndroidManifest.xml:24:9-32:20
117            android:name="androidx.startup.InitializationProvider"
117-->[androidx.emoji2:emoji2:1.3.0] AndroidManifest.xml:25:13-67
118            android:authorities="com.paryavarankavalu.androidx-startup"
118-->[androidx.emoji2:emoji2:1.3.0] AndroidManifest.xml:26:13-68
119            android:exported="false" >
119-->[androidx.emoji2:emoji2:1.3.0] AndroidManifest.xml:27:13-37
120            <meta-data
120-->[androidx.emoji2:emoji2:1.3.0] AndroidManifest.xml:29:13-31:52
121                android:name="androidx.emoji2.text.EmojiCompatInitializer"
121-->[androidx.emoji2:emoji2:1.3.0] AndroidManifest.xml:30:17-75
122                android:value="androidx.startup" />
122-->[androidx.emoji2:emoji2:1.3.0] AndroidManifest.xml:31:17-49
123            <meta-data
123-->[androidx.lifecycle:lifecycle-process:2.8.7] AndroidManifest.xml:29:13-31:52
124                android:name="androidx.lifecycle.ProcessLifecycleInitializer"
124-->[androidx.lifecycle:lifecycle-process:2.8.7] AndroidManifest.xml:30:17-78
125                android:value="androidx.startup" />
125-->[androidx.lifecycle:lifecycle-process:2.8.7] AndroidManifest.xml:31:17-49
126            <meta-data
126-->[androidx.profileinstaller:profileinstaller:1.4.0] AndroidManifest.xml:29:13-31:52
127                android:name="androidx.profileinstaller.ProfileInstallerInitializer"
127-->[androidx.profileinstaller:profileinstaller:1.4.0] AndroidManifest.xml:30:17-85
128                android:value="androidx.startup" />
128-->[androidx.profileinstaller:profileinstaller:1.4.0] AndroidManifest.xml:31:17-49
129        </provider>
130
131        <service
131-->[androidx.room:room-runtime:2.6.1] AndroidManifest.xml:24:9-28:63
132            android:name="androidx.room.MultiInstanceInvalidationService"
132-->[androidx.room:room-runtime:2.6.1] AndroidManifest.xml:25:13-74
133            android:directBootAware="true"
133-->[androidx.room:room-runtime:2.6.1] AndroidManifest.xml:26:13-43
134            android:exported="false" />
134-->[androidx.room:room-runtime:2.6.1] AndroidManifest.xml:27:13-37
135
136        <receiver
136-->[androidx.profileinstaller:profileinstaller:1.4.0] AndroidManifest.xml:34:9-52:20
137            android:name="androidx.profileinstaller.ProfileInstallReceiver"
137-->[androidx.profileinstaller:profileinstaller:1.4.0] AndroidManifest.xml:35:13-76
138            android:directBootAware="false"
138-->[androidx.profileinstaller:profileinstaller:1.4.0] AndroidManifest.xml:36:13-44
139            android:enabled="true"
139-->[androidx.profileinstaller:profileinstaller:1.4.0] AndroidManifest.xml:37:13-35
140            android:exported="true"
140-->[androidx.profileinstaller:profileinstaller:1.4.0] AndroidManifest.xml:38:13-36
141            android:permission="android.permission.DUMP" >
141-->[androidx.profileinstaller:profileinstaller:1.4.0] AndroidManifest.xml:39:13-57
142            <intent-filter>
142-->[androidx.profileinstaller:profileinstaller:1.4.0] AndroidManifest.xml:40:13-42:29
143                <action android:name="androidx.profileinstaller.action.INSTALL_PROFILE" />
143-->[androidx.profileinstaller:profileinstaller:1.4.0] AndroidManifest.xml:41:17-91
143-->[androidx.profileinstaller:profileinstaller:1.4.0] AndroidManifest.xml:41:25-88
144            </intent-filter>
145            <intent-filter>
145-->[androidx.profileinstaller:profileinstaller:1.4.0] AndroidManifest.xml:43:13-45:29
146                <action android:name="androidx.profileinstaller.action.SKIP_FILE" />
146-->[androidx.profileinstaller:profileinstaller:1.4.0] AndroidManifest.xml:44:17-85
146-->[androidx.profileinstaller:profileinstaller:1.4.0] AndroidManifest.xml:44:25-82
147            </intent-filter>
148            <intent-filter>
148-->[androidx.profileinstaller:profileinstaller:1.4.0] AndroidManifest.xml:46:13-48:29
149                <action android:name="androidx.profileinstaller.action.SAVE_PROFILE" />
149-->[androidx.profileinstaller:profileinstaller:1.4.0] AndroidManifest.xml:47:17-88
149-->[androidx.profileinstaller:profileinstaller:1.4.0] AndroidManifest.xml:47:25-85
150            </intent-filter>
151            <intent-filter>
151-->[androidx.profileinstaller:profileinstaller:1.4.0] AndroidManifest.xml:49:13-51:29
152                <action android:name="androidx.profileinstaller.action.BENCHMARK_OPERATION" />
152-->[androidx.profileinstaller:profileinstaller:1.4.0] AndroidManifest.xml:50:17-95
152-->[androidx.profileinstaller:profileinstaller:1.4.0] AndroidManifest.xml:50:25-92
153            </intent-filter>
154        </receiver>
155    </application>
156
157</manifest>